<?xml version="1.0" encoding="UTF-8"?>
<!-- Generated by org.testng.reporters.JUnitXMLReporter -->
<testsuite ignored="0" hostname="shubhangishar01" failures="0" tests="2" name="Default test" time="44.351" errors="0" timestamp="09 Feb 2022 14:33:28 GMT">
  <testcase classname="com.EndTestFlipKartAssignment.tests.SortingTest" name="sortLowToHighFunctionality" time="32.521"/>
  <testcase classname="com.EndTestFlipKartAssignment.tests.SortingTest" name="sortHighToLowFunctionality" time="0.004">
    <skipped/>
  </testcase> <!-- sortHighToLowFunctionality -->
</testsuite> <!-- Default test -->
