<?xml version="1.0" encoding="UTF-8"?>
<!-- Generated by org.testng.reporters.JUnitXMLReporter -->
<testsuite ignored="26" hostname="shubhangishar01" failures="0" tests="21" name="Test" time="383.235" errors="0" timestamp="09 Feb 2022 15:58:00 GMT">
  <testcase classname="com.EndTestFlipKartAssignment.tests.LoginTest" name="validEmailLogInFunctionality" time="3.532"/>
  <testcase classname="com.EndTestFlipKartAssignment.tests.LoginTest" name="validLogInFunctionality" time="3.545"/>
  <testcase classname="com.EndTestFlipKartAssignment.tests.LoginTest" name="invalidLogInFunctionality" time="0.94"/>
  <testcase classname="com.EndTestFlipKartAssignment.tests.LogOutTest" name="LogOutFunctionality" time="5.765"/>
  <testcase classname="com.EndTestFlipKartAssignment.tests.OrderShowTest" name="orderDisplayFunctionality" time="6.289"/>
  <testcase classname="com.EndTestFlipKartAssignment.tests.SearchTest" name="searchExactKeywordFunctionality" time="8.67"/>
  <testcase classname="com.EndTestFlipKartAssignment.tests.SearchTest" name="searchRandomKeywordFunctionality" time="9.661"/>
  <testcase classname="com.EndTestFlipKartAssignment.tests.SearchTest" name="applyFiltersSearchFunctionality" time="10.941"/>
  <testcase classname="com.EndTestFlipKartAssignment.tests.SearchTest" name="removeFiltersFunctionality" time="14.292"/>
  <testcase classname="com.EndTestFlipKartAssignment.tests.SearchTest" name="searchWithDropdownFunctionality" time="28.877"/>
  <testcase classname="com.EndTestFlipKartAssignment.tests.AddToCartTest" name="addToCartFunctionality" time="17.139"/>
  <testcase classname="com.EndTestFlipKartAssignment.tests.SaveForLaterTest" name="saveForLaterFunctionality" time="7.144"/>
  <testcase classname="com.EndTestFlipKartAssignment.tests.RemoveItemTest" name="removeItemFunctionality" time="12.871"/>
  <testcase classname="com.EndTestFlipKartAssignment.tests.AddToWishlistTest" name="addToWishListFunctionality" time="8.996"/>
  <testcase classname="com.EndTestFlipKartAssignment.tests.RemoveFromWishlist" name="removeFromWishlistFunctionality" time="6.876"/>
  <testcase classname="com.EndTestFlipKartAssignment.tests.CoinBalanceTest" name="BalanceCheckFunctionality" time="8.136"/>
  <testcase classname="com.EndTestFlipKartAssignment.tests.AddressChangeCartTest" name="addressChangeInCartFunctionality" time="0.002">
    <skipped/>
  </testcase> <!-- addressChangeInCartFunctionality -->
  <testcase classname="com.EndTestFlipKartAssignment.tests.EditProfileTest" name="addressEditFunctionality" time="14.541"/>
  <testcase classname="com.EndTestFlipKartAssignment.tests.HomePageClickTest" name="HomePageClickFunctionality" time="15.942"/>
  <testcase classname="com.EndTestFlipKartAssignment.tests.SortingTest" name="sortLowToHighFunctionality" time="32.102"/>
  <testcase classname="com.EndTestFlipKartAssignment.tests.SortingTest" name="sortHighToLowFunctionality" time="0.001">
    <skipped/>
  </testcase> <!-- sortHighToLowFunctionality -->
  <testcase classname="com.EndTestFlipKartAssignment.tests.BaseTest" name="@AfterTest endReport" time="0.0">
    <ignored/>
  </testcase> <!-- @AfterTest endReport -->
  <testcase classname="com.EndTestFlipKartAssignment.tests.BaseTest" name="@AfterTest endReport" time="0.0">
    <ignored/>
  </testcase> <!-- @AfterTest endReport -->
  <testcase classname="com.EndTestFlipKartAssignment.tests.BaseTest" name="@AfterTest endReport" time="0.0">
    <ignored/>
  </testcase> <!-- @AfterTest endReport -->
  <testcase classname="com.EndTestFlipKartAssignment.tests.BaseTest" name="@AfterTest endReport" time="0.0">
    <ignored/>
  </testcase> <!-- @AfterTest endReport -->
  <testcase classname="com.EndTestFlipKartAssignment.tests.BaseTest" name="@AfterTest endReport" time="0.0">
    <ignored/>
  </testcase> <!-- @AfterTest endReport -->
  <testcase classname="com.EndTestFlipKartAssignment.tests.BaseTest" name="@AfterTest endReport" time="0.0">
    <ignored/>
  </testcase> <!-- @AfterTest endReport -->
  <testcase classname="com.EndTestFlipKartAssignment.tests.BaseTest" name="@AfterTest endReport" time="0.0">
    <ignored/>
  </testcase> <!-- @AfterTest endReport -->
  <testcase classname="com.EndTestFlipKartAssignment.tests.BaseTest" name="@AfterTest endReport" time="0.0">
    <ignored/>
  </testcase> <!-- @AfterTest endReport -->
  <testcase classname="com.EndTestFlipKartAssignment.tests.BaseTest" name="@AfterTest endReport" time="0.0">
    <ignored/>
  </testcase> <!-- @AfterTest endReport -->
  <testcase classname="com.EndTestFlipKartAssignment.tests.BaseTest" name="@AfterTest endReport" time="0.0">
    <ignored/>
  </testcase> <!-- @AfterTest endReport -->
  <testcase classname="com.EndTestFlipKartAssignment.tests.BaseTest" name="@AfterTest endReport" time="0.0">
    <ignored/>
  </testcase> <!-- @AfterTest endReport -->
  <testcase classname="com.EndTestFlipKartAssignment.tests.BaseTest" name="@AfterTest endReport" time="0.0">
    <ignored/>
  </testcase> <!-- @AfterTest endReport -->
  <testcase classname="com.EndTestFlipKartAssignment.tests.BaseTest" name="@AfterTest endReport" time="0.0">
    <ignored/>
  </testcase> <!-- @AfterTest endReport -->
  <testcase classname="com.EndTestFlipKartAssignment.tests.BaseTest" name="@BeforeTest setExtent" time="0.0">
    <ignored/>
  </testcase> <!-- @BeforeTest setExtent -->
  <testcase classname="com.EndTestFlipKartAssignment.tests.BaseTest" name="@BeforeTest setExtent" time="0.0">
    <ignored/>
  </testcase> <!-- @BeforeTest setExtent -->
  <testcase classname="com.EndTestFlipKartAssignment.tests.BaseTest" name="@BeforeTest setExtent" time="0.0">
    <ignored/>
  </testcase> <!-- @BeforeTest setExtent -->
  <testcase classname="com.EndTestFlipKartAssignment.tests.BaseTest" name="@BeforeTest setExtent" time="0.0">
    <ignored/>
  </testcase> <!-- @BeforeTest setExtent -->
  <testcase classname="com.EndTestFlipKartAssignment.tests.BaseTest" name="@BeforeTest setExtent" time="0.0">
    <ignored/>
  </testcase> <!-- @BeforeTest setExtent -->
  <testcase classname="com.EndTestFlipKartAssignment.tests.BaseTest" name="@BeforeTest setExtent" time="0.0">
    <ignored/>
  </testcase> <!-- @BeforeTest setExtent -->
  <testcase classname="com.EndTestFlipKartAssignment.tests.BaseTest" name="@BeforeTest setExtent" time="0.0">
    <ignored/>
  </testcase> <!-- @BeforeTest setExtent -->
  <testcase classname="com.EndTestFlipKartAssignment.tests.BaseTest" name="@BeforeTest setExtent" time="0.0">
    <ignored/>
  </testcase> <!-- @BeforeTest setExtent -->
  <testcase classname="com.EndTestFlipKartAssignment.tests.BaseTest" name="@BeforeTest setExtent" time="0.0">
    <ignored/>
  </testcase> <!-- @BeforeTest setExtent -->
  <testcase classname="com.EndTestFlipKartAssignment.tests.BaseTest" name="@BeforeTest setExtent" time="0.0">
    <ignored/>
  </testcase> <!-- @BeforeTest setExtent -->
  <testcase classname="com.EndTestFlipKartAssignment.tests.BaseTest" name="@BeforeTest setExtent" time="0.0">
    <ignored/>
  </testcase> <!-- @BeforeTest setExtent -->
  <testcase classname="com.EndTestFlipKartAssignment.tests.BaseTest" name="@BeforeTest setExtent" time="0.0">
    <ignored/>
  </testcase> <!-- @BeforeTest setExtent -->
  <testcase classname="com.EndTestFlipKartAssignment.tests.BaseTest" name="@BeforeTest setExtent" time="0.0">
    <ignored/>
  </testcase> <!-- @BeforeTest setExtent -->
</testsuite> <!-- Test -->
