<?xml version="1.0" encoding="UTF-8"?>
<testsuite xmlns:xsi="http://www.w3.org/2001/XMLSchema-instance" xsi:noNamespaceSchemaLocation="https://maven.apache.org/surefire/maven-surefire-plugin/xsd/surefire-test-report.xsd" name="TestSuite" time="488.844" tests="20" errors="0" skipped="1" failures="3">
  <properties>
[...]
</properties>
  <testcase name="validLogInFunctionality" classname="com.EndTestFlipKartAssignment.tests.LoginTest" time="5.465"/>
  <testcase name="invalidLogInFunctionality" classname="com.EndTestFlipKartAssignment.tests.LoginTest" time="0.613"/>
  <testcase name="LogOutFunctionality" classname="com.EndTestFlipKartAssignment.tests.LogOutTest" time="8.582"/>
  <testcase name="orderDisplayFunctionality" classname="com.EndTestFlipKartAssignment.tests.OrderShowTest" time="8.302"/>
  <testcase name="searchExactKeywordFunctionality" classname="com.EndTestFlipKartAssignment.tests.SearchTest" time="9.666"/>
  <testcase name="searchRandomKeywordFunctionality" classname="com.EndTestFlipKartAssignment.tests.SearchTest" time="6.601"/>
  <testcase name="applyFiltersSearchFunctionality" classname="com.EndTestFlipKartAssignment.tests.SearchTest" time="9.577">
    <failure message="element click intercepted: Element &lt;svg width=&quot;20&quot; height=&quot;20&quot; viewBox=&quot;0 0 17 18&quot; class=&quot;&quot; xmlns=&quot;http://www.w3.org/2000/svg&quot;&gt;...&lt;/svg&gt; is not clickable at point (554, 28). Other element would receive the click: &lt;div class=&quot;_2hriZF _2rbIyg&quot; tabindex=&quot;-1&quot;&gt;...&lt;/div&gt;&#10;  (Session info: headless chrome=98.0.4758.81)&#10;Build info: version: &apos;3.141.59&apos;, revision: &apos;e82be7d358&apos;, time: &apos;2018-11-14T08:17:03&apos;&#10;System info: host: &apos;SHUBHANGISHAR01&apos;, ip: &apos;192.168.1.43&apos;, os.name: &apos;Windows 10&apos;, os.arch: &apos;amd64&apos;, os.version: &apos;10.0&apos;, java.version: &apos;11&apos;&#10;Driver info: org.openqa.selenium.chrome.ChromeDriver&#10;Capabilities {acceptInsecureCerts: false, browserName: chrome, browserVersion: 98.0.4758.81, chrome: {chromedriverVersion: 98.0.4758.48 (d869ab3eda606..., userDataDir: C:\Users\SHUBHA~1\AppData\L...}, goog:chromeOptions: {debuggerAddress: localhost:62293}, javascriptEnabled: true, networkConnectionEnabled: false, pageLoadStrategy: normal, platform: WINDOWS, platformName: WINDOWS, proxy: Proxy(), setWindowRect: true, strictFileInteractability: false, timeouts: {implicit: 0, pageLoad: 300000, script: 30000}, unhandledPromptBehavior: dismiss and notify, webauthn:extension:credBlob: true, webauthn:extension:largeBlob: true, webauthn:virtualAuthenticators: true}&#10;Session ID: 0128088f52e95ef6971e54e409ef6ea5" type="org.openqa.selenium.ElementClickInterceptedException"><![CDATA[org.openqa.selenium.ElementClickInterceptedException: 
element click intercepted: Element <svg width="20" height="20" viewBox="0 0 17 18" class="" xmlns="http://www.w3.org/2000/svg">...</svg> is not clickable at point (554, 28). Other element would receive the click: <div class="_2hriZF _2rbIyg" tabindex="-1">...</div>
  (Session info: headless chrome=98.0.4758.81)
Build info: version: '3.141.59', revision: 'e82be7d358', time: '2018-11-14T08:17:03'
System info: host: 'SHUBHANGISHAR01', ip: '192.168.1.43', os.name: 'Windows 10', os.arch: 'amd64', os.version: '10.0', java.version: '11'
Driver info: org.openqa.selenium.chrome.ChromeDriver
Capabilities {acceptInsecureCerts: false, browserName: chrome, browserVersion: 98.0.4758.81, chrome: {chromedriverVersion: 98.0.4758.48 (d869ab3eda606..., userDataDir: C:\Users\SHUBHA~1\AppData\L...}, goog:chromeOptions: {debuggerAddress: localhost:62293}, javascriptEnabled: true, networkConnectionEnabled: false, pageLoadStrategy: normal, platform: WINDOWS, platformName: WINDOWS, proxy: Proxy(), setWindowRect: true, strictFileInteractability: false, timeouts: {implicit: 0, pageLoad: 300000, script: 30000}, unhandledPromptBehavior: dismiss and notify, webauthn:extension:credBlob: true, webauthn:extension:largeBlob: true, webauthn:virtualAuthenticators: true}
Session ID: 0128088f52e95ef6971e54e409ef6ea5
	at com.EndTestFlipKartAssignment.tests.SearchTest.applyFiltersSearchFunctionality(SearchTest.java:158)
]]></failure>
    <system-out><![CDATA[[INFO ] 2022-02-08 19:07:40.807 [main] BaseTest - ______________________________________________________________________
[INFO ] 2022-02-08 19:07:40.807 [main] BaseTest - Test data for Worksheet Name : 'SearchHomePageTextData' and for Test Case : 'applyFiltersSearchFunctionality'
[INFO ] 2022-02-08 19:07:40.807 [main] BaseTest - Working : Yes
[INFO ] 2022-02-08 19:07:40.807 [main] BaseTest - UserName : 9068805045
[INFO ] 2022-02-08 19:07:40.807 [main] BaseTest - Execution Required : yes
[INFO ] 2022-02-08 19:07:40.807 [main] BaseTest - Pre-Requisite : 1.Browser should be open with Flipkart URL.
[INFO ] 2022-02-08 19:07:40.807 [main] BaseTest - TestCaseName : applyFiltersSearchFunctionality
[INFO ] 2022-02-08 19:07:40.807 [main] BaseTest - SearchText : Dell laptops
[INFO ] 2022-02-08 19:07:40.808 [main] BaseTest - Password : anssd8000
[INFO ] 2022-02-08 19:07:40.808 [main] BaseTest - ______________________________________________________________________
]]></system-out>
    <system-err><![CDATA[Starting ChromeDriver 98.0.4758.48 (d869ab3eda60629b9fabbd4e30c0f833466c83fd-refs/branch-heads/4758@{#415}) on port 47047
Only local connections are allowed.
Please see https://chromedriver.chromium.org/security-considerations for suggestions on keeping ChromeDriver safe.
ChromeDriver was started successfully.
Feb 08, 2022 7:07:37 PM org.openqa.selenium.remote.ProtocolHandshake createSession
INFO: Detected dialect: W3C
]]></system-err>
  </testcase>
  <testcase name="removeFiltersFunctionality" classname="com.EndTestFlipKartAssignment.tests.SearchTest" time="16.344"/>
  <testcase name="searchWithDropdownFunctionality" classname="com.EndTestFlipKartAssignment.tests.SearchTest" time="30.483"/>
  <testcase name="addToCartFunctionality" classname="com.EndTestFlipKartAssignment.tests.AddToCartTest" time="26.248"/>
  <testcase name="saveForLaterFunctionality" classname="com.EndTestFlipKartAssignment.tests.SaveForLaterTest" time="10.221">
    <failure message="element click intercepted: Element is not clickable at point (861, 28)&#10;  (Session info: headless chrome=98.0.4758.81)&#10;Build info: version: &apos;3.141.59&apos;, revision: &apos;e82be7d358&apos;, time: &apos;2018-11-14T08:17:03&apos;&#10;System info: host: &apos;SHUBHANGISHAR01&apos;, ip: &apos;192.168.1.43&apos;, os.name: &apos;Windows 10&apos;, os.arch: &apos;amd64&apos;, os.version: &apos;10.0&apos;, java.version: &apos;11&apos;&#10;Driver info: org.openqa.selenium.chrome.ChromeDriver&#10;Capabilities {acceptInsecureCerts: false, browserName: chrome, browserVersion: 98.0.4758.81, chrome: {chromedriverVersion: 98.0.4758.48 (d869ab3eda606..., userDataDir: C:\Users\SHUBHA~1\AppData\L...}, goog:chromeOptions: {debuggerAddress: localhost:62638}, javascriptEnabled: true, networkConnectionEnabled: false, pageLoadStrategy: normal, platform: WINDOWS, platformName: WINDOWS, proxy: Proxy(), setWindowRect: true, strictFileInteractability: false, timeouts: {implicit: 0, pageLoad: 300000, script: 30000}, unhandledPromptBehavior: dismiss and notify, webauthn:extension:credBlob: true, webauthn:extension:largeBlob: true, webauthn:virtualAuthenticators: true}&#10;Session ID: 435d0f03e8720650b95cba77b4195446" type="org.openqa.selenium.ElementClickInterceptedException">org.openqa.selenium.ElementClickInterceptedException: 
element click intercepted: Element is not clickable at point (861, 28)
  (Session info: headless chrome=98.0.4758.81)
Build info: version: '3.141.59', revision: 'e82be7d358', time: '2018-11-14T08:17:03'
System info: host: 'SHUBHANGISHAR01', ip: '192.168.1.43', os.name: 'Windows 10', os.arch: 'amd64', os.version: '10.0', java.version: '11'
Driver info: org.openqa.selenium.chrome.ChromeDriver
Capabilities {acceptInsecureCerts: false, browserName: chrome, browserVersion: 98.0.4758.81, chrome: {chromedriverVersion: 98.0.4758.48 (d869ab3eda606..., userDataDir: C:\Users\SHUBHA~1\AppData\L...}, goog:chromeOptions: {debuggerAddress: localhost:62638}, javascriptEnabled: true, networkConnectionEnabled: false, pageLoadStrategy: normal, platform: WINDOWS, platformName: WINDOWS, proxy: Proxy(), setWindowRect: true, strictFileInteractability: false, timeouts: {implicit: 0, pageLoad: 300000, script: 30000}, unhandledPromptBehavior: dismiss and notify, webauthn:extension:credBlob: true, webauthn:extension:largeBlob: true, webauthn:virtualAuthenticators: true}
Session ID: 435d0f03e8720650b95cba77b4195446
	at com.EndTestFlipKartAssignment.tests.SaveForLaterTest.saveForLaterFunctionality(SaveForLaterTest.java:44)
</failure>
    <system-out><![CDATA[[INFO ] 2022-02-08 19:09:46.708 [main] BaseTest - ______________________________________________________________________
[INFO ] 2022-02-08 19:09:46.709 [main] BaseTest - Test data for Worksheet Name : 'CartPageTestData' and for Test Case : 'saveForLaterFunctionality'
[INFO ] 2022-02-08 19:09:46.709 [main] BaseTest - Expected Title : Shopping Cart | Flipkart.com
[INFO ] 2022-02-08 19:09:46.709 [main] BaseTest - Working : yes
[INFO ] 2022-02-08 19:09:46.709 [main] BaseTest - UserName : 9068805045
[INFO ] 2022-02-08 19:09:46.709 [main] BaseTest - Execution Required : yes
[INFO ] 2022-02-08 19:09:46.710 [main] BaseTest - Pre-Requisite : 1.Browser should be open with Flipkart URL.
[INFO ] 2022-02-08 19:09:46.711 [main] BaseTest - TestCaseName : saveForLaterFunctionality
[INFO ] 2022-02-08 19:09:46.711 [main] BaseTest - Password : anssd8000
[INFO ] 2022-02-08 19:09:46.711 [main] BaseTest - ______________________________________________________________________
]]></system-out>
    <system-err><![CDATA[Starting ChromeDriver 98.0.4758.48 (d869ab3eda60629b9fabbd4e30c0f833466c83fd-refs/branch-heads/4758@{#415}) on port 32850
Only local connections are allowed.
Please see https://chromedriver.chromium.org/security-considerations for suggestions on keeping ChromeDriver safe.
ChromeDriver was started successfully.
Feb 08, 2022 7:09:37 PM org.openqa.selenium.remote.ProtocolHandshake createSession
INFO: Detected dialect: W3C
]]></system-err>
  </testcase>
  <testcase name="removeItemFunctionality" classname="com.EndTestFlipKartAssignment.tests.RemoveItemTest" time="11.414">
    <failure message="element click intercepted: Element is not clickable at point (861, 28)&#10;  (Session info: headless chrome=98.0.4758.81)&#10;Build info: version: &apos;3.141.59&apos;, revision: &apos;e82be7d358&apos;, time: &apos;2018-11-14T08:17:03&apos;&#10;System info: host: &apos;SHUBHANGISHAR01&apos;, ip: &apos;192.168.1.43&apos;, os.name: &apos;Windows 10&apos;, os.arch: &apos;amd64&apos;, os.version: &apos;10.0&apos;, java.version: &apos;11&apos;&#10;Driver info: org.openqa.selenium.chrome.ChromeDriver&#10;Capabilities {acceptInsecureCerts: false, browserName: chrome, browserVersion: 98.0.4758.81, chrome: {chromedriverVersion: 98.0.4758.48 (d869ab3eda606..., userDataDir: C:\Users\SHUBHA~1\AppData\L...}, goog:chromeOptions: {debuggerAddress: localhost:62726}, javascriptEnabled: true, networkConnectionEnabled: false, pageLoadStrategy: normal, platform: WINDOWS, platformName: WINDOWS, proxy: Proxy(), setWindowRect: true, strictFileInteractability: false, timeouts: {implicit: 0, pageLoad: 300000, script: 30000}, unhandledPromptBehavior: dismiss and notify, webauthn:extension:credBlob: true, webauthn:extension:largeBlob: true, webauthn:virtualAuthenticators: true}&#10;Session ID: eabb41a2b5f5c7675c7761612503023e" type="org.openqa.selenium.ElementClickInterceptedException">org.openqa.selenium.ElementClickInterceptedException: 
element click intercepted: Element is not clickable at point (861, 28)
  (Session info: headless chrome=98.0.4758.81)
Build info: version: '3.141.59', revision: 'e82be7d358', time: '2018-11-14T08:17:03'
System info: host: 'SHUBHANGISHAR01', ip: '192.168.1.43', os.name: 'Windows 10', os.arch: 'amd64', os.version: '10.0', java.version: '11'
Driver info: org.openqa.selenium.chrome.ChromeDriver
Capabilities {acceptInsecureCerts: false, browserName: chrome, browserVersion: 98.0.4758.81, chrome: {chromedriverVersion: 98.0.4758.48 (d869ab3eda606..., userDataDir: C:\Users\SHUBHA~1\AppData\L...}, goog:chromeOptions: {debuggerAddress: localhost:62726}, javascriptEnabled: true, networkConnectionEnabled: false, pageLoadStrategy: normal, platform: WINDOWS, platformName: WINDOWS, proxy: Proxy(), setWindowRect: true, strictFileInteractability: false, timeouts: {implicit: 0, pageLoad: 300000, script: 30000}, unhandledPromptBehavior: dismiss and notify, webauthn:extension:credBlob: true, webauthn:extension:largeBlob: true, webauthn:virtualAuthenticators: true}
Session ID: eabb41a2b5f5c7675c7761612503023e
	at com.EndTestFlipKartAssignment.tests.RemoveItemTest.removeItemFunctionality(RemoveItemTest.java:45)
</failure>
    <system-out><![CDATA[[INFO ] 2022-02-08 19:10:07.957 [main] BaseTest - ______________________________________________________________________
[INFO ] 2022-02-08 19:10:07.958 [main] BaseTest - Test data for Worksheet Name : 'CartPageTestData' and for Test Case : 'removeItemFunctionality'
[INFO ] 2022-02-08 19:10:07.959 [main] BaseTest - Expected Title : Shopping Cart | Flipkart.com
[INFO ] 2022-02-08 19:10:07.959 [main] BaseTest - Working : yes
[INFO ] 2022-02-08 19:10:07.959 [main] BaseTest - UserName : 9068805045
[INFO ] 2022-02-08 19:10:07.960 [main] BaseTest - Execution Required : yes
[INFO ] 2022-02-08 19:10:07.960 [main] BaseTest - Pre-Requisite : 1.Browser should be open with Flipkart URL.
[INFO ] 2022-02-08 19:10:07.961 [main] BaseTest - TestCaseName : removeItemFunctionality
[INFO ] 2022-02-08 19:10:07.961 [main] BaseTest - Password : anssd8000
[INFO ] 2022-02-08 19:10:07.962 [main] BaseTest - ______________________________________________________________________
]]></system-out>
    <system-err><![CDATA[Starting ChromeDriver 98.0.4758.48 (d869ab3eda60629b9fabbd4e30c0f833466c83fd-refs/branch-heads/4758@{#415}) on port 29963
Only local connections are allowed.
Please see https://chromedriver.chromium.org/security-considerations for suggestions on keeping ChromeDriver safe.
ChromeDriver was started successfully.
Feb 08, 2022 7:10:00 PM org.openqa.selenium.remote.ProtocolHandshake createSession
INFO: Detected dialect: W3C
]]></system-err>
  </testcase>
  <testcase name="addToWishListFunctionality" classname="com.EndTestFlipKartAssignment.tests.AddToWishlistTest" time="17.416"/>
  <testcase name="removeFromWishlistFunctionality" classname="com.EndTestFlipKartAssignment.tests.RemoveFromWishlist" time="10.443"/>
  <testcase name="BalanceCheckFunctionality" classname="com.EndTestFlipKartAssignment.tests.CoinBalanceTest" time="14.671"/>
  <testcase name="addressChangeInCartFunctionality" classname="com.EndTestFlipKartAssignment.tests.AddressChangeCartTest" time="0">
    <skipped message="Skipping this exception"/>
    <system-out><![CDATA[[INFO ] 2022-02-08 19:11:42.426 [main] BaseTest - Execution required is no , skipping the test
]]></system-out>
    <system-err><![CDATA[Starting ChromeDriver 98.0.4758.48 (d869ab3eda60629b9fabbd4e30c0f833466c83fd-refs/branch-heads/4758@{#415}) on port 9354
Only local connections are allowed.
Please see https://chromedriver.chromium.org/security-considerations for suggestions on keeping ChromeDriver safe.
ChromeDriver was started successfully.
Feb 08, 2022 7:11:36 PM org.openqa.selenium.remote.ProtocolHandshake createSession
INFO: Detected dialect: W3C
]]></system-err>
  </testcase>
  <testcase name="addressEditFunctionality" classname="com.EndTestFlipKartAssignment.tests.EditProfileTest" time="22.108"/>
  <testcase name="HomePageClickFunctionality" classname="com.EndTestFlipKartAssignment.tests.HomePageClickTest" time="22.123"/>
  <testcase name="sortLowToHighFunctionality" classname="com.EndTestFlipKartAssignment.tests.SortingTest" time="34.289"/>
  <testcase name="sortHighToLowFunctionality" classname="com.EndTestFlipKartAssignment.tests.SortingTest" time="31.193"/>
</testsuite>